d:\documentos\github\debug_dataanalisys\debug dataanalisys\x64\debug\vc140.pdb
d:\documentos\github\debug_dataanalisys\debug dataanalisys\x64\debug\reader.obj
d:\documentos\github\debug_dataanalisys\debug dataanalisys\x64\debug\punto3d.obj
d:\documentos\github\debug_dataanalisys\debug dataanalisys\x64\debug\opengl.obj
d:\documentos\github\debug_dataanalisys\debug dataanalisys\x64\debug\obstaculo.obj
d:\documentos\github\debug_dataanalisys\debug dataanalisys\x64\debug\interfaz.obj
d:\documentos\github\debug_dataanalisys\debug dataanalisys\x64\debug\dataanalisys.obj
d:\documentos\github\debug_dataanalisys\debug dataanalisys\x64\debug\.netframework,version=v4.5.2.assemblyattributes.obj
d:\documentos\github\debug_dataanalisys\debug dataanalisys\x64\debug\.netframework,version=v4.5.2.assemblyattributes.asm
d:\documentos\github\debug_dataanalisys\debug dataanalisys\x64\debug\debugdataanalisys.interfaz.resources
d:\documentos\github\debug_dataanalisys\debug dataanalisys\x64\debug\debug dataanalisys.vcxproj.generateresource.cache
d:\documentos\github\debug_dataanalisys\debug dataanalisys\x64\debug\debug dataanalisys.vcxprojresolveassemblyreference.cache
d:\documentos\github\debug_dataanalisys\x64\debug\debug dataanalisys.pdb
d:\documentos\github\debug_dataanalisys\debug dataanalisys\x64\debug\debug da.36f56109.tlog\cl.command.1.tlog
d:\documentos\github\debug_dataanalisys\debug dataanalisys\x64\debug\debug da.36f56109.tlog\cl.read.1.tlog
d:\documentos\github\debug_dataanalisys\debug dataanalisys\x64\debug\debug da.36f56109.tlog\cl.write.1.tlog
d:\documentos\github\debug_dataanalisys\debug dataanalisys\x64\debug\debug da.36f56109.tlog\debug dataanalisys.write.1u.tlog
d:\documentos\github\debug_dataanalisys\debug dataanalisys\x64\debug\debug da.36f56109.tlog\link.16196.11256-cvtres.read.1.tlog
d:\documentos\github\debug_dataanalisys\debug dataanalisys\x64\debug\debug da.36f56109.tlog\link.16196.11256-cvtres.write.1.tlog
d:\documentos\github\debug_dataanalisys\debug dataanalisys\x64\debug\debug da.36f56109.tlog\link.16196.11256-rc.read.1.tlog
d:\documentos\github\debug_dataanalisys\debug dataanalisys\x64\debug\debug da.36f56109.tlog\link.16196.11256-rc.write.1.tlog
d:\documentos\github\debug_dataanalisys\debug dataanalisys\x64\debug\debug da.36f56109.tlog\link.16196.11256.read.1.tlog
d:\documentos\github\debug_dataanalisys\debug dataanalisys\x64\debug\debug da.36f56109.tlog\link.16196.11256.write.1.tlog
d:\documentos\github\debug_dataanalisys\debug dataanalisys\x64\debug\debug da.36f56109.tlog\link.16196.read.1.tlog
d:\documentos\github\debug_dataanalisys\debug dataanalisys\x64\debug\debug da.36f56109.tlog\link.16196.write.1.tlog
d:\documentos\github\debug_dataanalisys\debug dataanalisys\x64\debug\debug da.36f56109.tlog\link.command.1.tlog
d:\documentos\github\debug_dataanalisys\debug dataanalisys\x64\debug\debug da.36f56109.tlog\link.read.1.tlog
d:\documentos\github\debug_dataanalisys\debug dataanalisys\x64\debug\debug da.36f56109.tlog\link.write.1.tlog
d:\documentos\github\debug_dataanalisys\debug dataanalisys\x64\debug\debug da.36f56109.tlog\metagen.read.1.tlog
d:\documentos\github\debug_dataanalisys\debug dataanalisys\x64\debug\debug da.36f56109.tlog\metagen.write.1.tlog
d:\documentos\github\debug_dataanalisys\debug dataanalisys\x64\debug\debug da.36f56109.tlog\tzres.dll.bi
