d:\documentos\github\debug dataanalisys\debug dataanalisys\debug\vc140.pdb
d:\documentos\github\debug dataanalisys\debug dataanalisys\debug\reader.obj
d:\documentos\github\debug dataanalisys\debug dataanalisys\debug\punto3d.obj
d:\documentos\github\debug dataanalisys\debug dataanalisys\debug\opengl.obj
d:\documentos\github\debug dataanalisys\debug dataanalisys\debug\obstaculo.obj
d:\documentos\github\debug dataanalisys\debug dataanalisys\debug\main.obj
d:\documentos\github\debug dataanalisys\debug dataanalisys\debug\interfaz.obj
d:\documentos\github\debug dataanalisys\debug dataanalisys\debug\dataanalisys.obj
d:\documentos\github\debug dataanalisys\debug dataanalisys\debug\.netframework,version=v4.5.2.assemblyattributes.obj
d:\documentos\github\debug dataanalisys\debug dataanalisys\debug\.netframework,version=v4.5.2.assemblyattributes.asm
d:\documentos\github\debug dataanalisys\debug dataanalisys\debug\debugdataanalisys.interfaz.resources
d:\documentos\github\debug dataanalisys\debug dataanalisys\debug\debug dataanalisys.vcxproj.generateresource.cache
d:\documentos\github\debug dataanalisys\debug\debug dataanalisys.pdb
d:\documentos\github\debug dataanalisys\debug dataanalisys\debug\debug da.36f56109.tlog\cl.command.1.tlog
d:\documentos\github\debug dataanalisys\debug dataanalisys\debug\debug da.36f56109.tlog\cl.read.1.tlog
d:\documentos\github\debug dataanalisys\debug dataanalisys\debug\debug da.36f56109.tlog\cl.write.1.tlog
d:\documentos\github\debug dataanalisys\debug dataanalisys\debug\debug da.36f56109.tlog\debug dataanalisys.write.1u.tlog
d:\documentos\github\debug dataanalisys\debug dataanalisys\debug\debug da.36f56109.tlog\link.6040.14344-cvtres.read.1.tlog
d:\documentos\github\debug dataanalisys\debug dataanalisys\debug\debug da.36f56109.tlog\link.6040.14344-cvtres.write.1.tlog
d:\documentos\github\debug dataanalisys\debug dataanalisys\debug\debug da.36f56109.tlog\link.6040.14344-rc.read.1.tlog
d:\documentos\github\debug dataanalisys\debug dataanalisys\debug\debug da.36f56109.tlog\link.6040.14344-rc.write.1.tlog
d:\documentos\github\debug dataanalisys\debug dataanalisys\debug\debug da.36f56109.tlog\link.6040.14344.read.1.tlog
d:\documentos\github\debug dataanalisys\debug dataanalisys\debug\debug da.36f56109.tlog\link.6040.14344.write.1.tlog
d:\documentos\github\debug dataanalisys\debug dataanalisys\debug\debug da.36f56109.tlog\link.6040.read.1.tlog
d:\documentos\github\debug dataanalisys\debug dataanalisys\debug\debug da.36f56109.tlog\link.6040.write.1.tlog
d:\documentos\github\debug dataanalisys\debug dataanalisys\debug\debug da.36f56109.tlog\link.8252.17112-cvtres.read.1.tlog
d:\documentos\github\debug dataanalisys\debug dataanalisys\debug\debug da.36f56109.tlog\link.8252.17112-cvtres.write.1.tlog
d:\documentos\github\debug dataanalisys\debug dataanalisys\debug\debug da.36f56109.tlog\link.8252.17112-rc.read.1.tlog
d:\documentos\github\debug dataanalisys\debug dataanalisys\debug\debug da.36f56109.tlog\link.8252.17112-rc.write.1.tlog
d:\documentos\github\debug dataanalisys\debug dataanalisys\debug\debug da.36f56109.tlog\link.8252.17112.read.1.tlog
d:\documentos\github\debug dataanalisys\debug dataanalisys\debug\debug da.36f56109.tlog\link.8252.17112.write.1.tlog
d:\documentos\github\debug dataanalisys\debug dataanalisys\debug\debug da.36f56109.tlog\link.8252.read.1.tlog
d:\documentos\github\debug dataanalisys\debug dataanalisys\debug\debug da.36f56109.tlog\link.8252.write.1.tlog
d:\documentos\github\debug dataanalisys\debug dataanalisys\debug\debug da.36f56109.tlog\link.command.1.tlog
d:\documentos\github\debug dataanalisys\debug dataanalisys\debug\debug da.36f56109.tlog\link.read.1.tlog
d:\documentos\github\debug dataanalisys\debug dataanalisys\debug\debug da.36f56109.tlog\link.write.1.tlog
d:\documentos\github\debug dataanalisys\debug dataanalisys\debug\debug da.36f56109.tlog\metagen.read.1.tlog
d:\documentos\github\debug dataanalisys\debug dataanalisys\debug\debug da.36f56109.tlog\metagen.write.1.tlog
d:\documentos\github\debug dataanalisys\debug dataanalisys\debug\debug da.36f56109.tlog\tzres.dll.bi
